<?xml version="1.0" encoding="UTF-8"?>
<!-- Generated by org.testng.reporters.JUnitReportReporter -->
<testsuite name="tests.ValidationTest" tests="2" time="22.563" ignored="0" failures="0" timestamp="31 Dec 2016 00:03:00 GMT" skipped="0" hostname="Cascudo" errors="0">
  <testcase name="invalidDOB" time="12.565" classname="tests.ValidationTest"/>
  <testcase name="mandatoryDOB" time="9.998" classname="tests.ValidationTest"/>
</testsuite> <!-- tests.ValidationTest -->
