<?xml version="1.0" encoding="UTF-8"?>
<!-- Generated by org.testng.reporters.JUnitReportReporter -->
<testsuite name="tests.SimpleQuote" tests="1" time="18.434" ignored="0" failures="0" timestamp="31 Dec 2016 14:02:29 GMT" skipped="0" hostname="Cascudo" errors="0">
  <testcase name="oneMemberQuote" time="18.434" classname="tests.SimpleQuote"/>
</testsuite> <!-- tests.SimpleQuote -->
