<?xml version="1.0" encoding="UTF-8"?>
<!-- Generated by org.testng.reporters.JUnitReportReporter -->
<testsuite hostname="Cascudo" name="tests.MandatoryTest" tests="1" failures="0" timestamp="29 Dec 2016 00:46:42 GMT" time="10.745" errors="0">
  <testcase name="MandatoryFirstName" time="10.745" classname="tests.MandatoryTest"/>
</testsuite> <!-- tests.MandatoryTest -->
